

Microchip Technology PIC18 LITE Macro Assembler V1.41 build -162212810 
                                                                                               Wed Jan 10 12:21:29 2018

Microchip Technology Omniscient Code Generator v1.41 (Free mode) build 201701250102
     1                           	processor	18F45K22
     2                           	fnconf	rparam,??,?,0
     3                           	opt	pw 120
     4                           	opt	lm
     5                           	psect	smallconst,global,reloc=2,class=SMALLCONST,delta=1,noexec
     6                           	psect	cinit,global,reloc=2,class=CODE,delta=1
     7                           	psect	cstackCOMRAM,global,class=COMRAM,space=1,delta=1,noexec
     8                           	psect	text0,global,reloc=2,class=CODE,delta=1
     9                           	psect	text1,global,reloc=2,class=CODE,delta=1
    10                           	psect	text2,global,reloc=2,class=CODE,delta=1
    11                           	psect	text3,global,reloc=2,class=CODE,delta=1,group=1
    12                           	psect	intsave_regs,global,class=BIGRAM,space=1,delta=1,noexec
    13                           	psect	rparam,global,class=COMRAM,space=1,delta=1,noexec
    14  0000                     
    15                           ; Version 1.41
    16                           ; Generated 25/01/2017 GMT
    17                           ; 
    18                           ; Copyright © 2017, Microchip Technology Inc. and its subsidiaries ("Microchip")
    19                           ; All rights reserved.
    20                           ; 
    21                           ; This software is developed by Microchip Technology Inc. and its subsidiaries ("Microch
      +                          ip").
    22                           ; 
    23                           ; Redistribution and use in source and binary forms, with or without modification, are
    24                           ; permitted provided that the following conditions are met:
    25                           ; 
    26                           ;     1. Redistributions of source code must retain the above copyright notice, this lis
      +                          t of
    27                           ;        conditions and the following disclaimer.
    28                           ; 
    29                           ;     2. Redistributions in binary form must reproduce the above copyright notice, this 
      +                          list
    30                           ;        of conditions and the following disclaimer in the documentation and/or other
    31                           ;        materials provided with the distribution.
    32                           ; 
    33                           ;     3. Microchip's name may not be used to endorse or promote products derived from th
      +                          is
    34                           ;        software without specific prior written permission.
    35                           ; 
    36                           ; THIS SOFTWARE IS PROVIDED BY MICROCHIP "AS IS" AND ANY EXPRESS OR IMPLIED WARRANTIES,
    37                           ; INCLUDING, BUT NOT LIMITED TO, THE IMPLIED WARRANTIES OF MERCHANTABILITY AND FITNESS F
      +                          OR
    38                           ; PURPOSE ARE DISCLAIMED.  IN NO EVENT SHALL MICROCHIP BE LIABLE FOR ANY DIRECT, INDIREC
      +                          T,
    39                           ; INCIDENTAL, SPECIAL, EXEMPLARY, OR CONSEQUENTIAL DAMAGES (INCLUDING BUT NOT LIMITED TO
    40                           ; PROCUREMENT OF SUBSTITUTE GOODS OR SERVICES; LOSS OF USE, DATA OR PROFITS; OR BUSINESS
    41                           ; INTERRUPTION) HOWSOEVER CAUSED AND ON ANY THEORY OF LIABILITY, WHETHER IN CONTRACT, ST
      +                          RICT
    42                           ; LIABILITY, OR TORT (INCLUDING NEGLIGENCE OR OTHERWISE) ARISING IN ANY WAY OUT OF THE U
      +                          SE OF
    43                           ; THIS SOFTWARE, EVEN IF ADVISED OF THE POSSIBILITY OF SUCH DAMAGE.
    44                           ; 
    45                           ; 
    46                           ; Code-generator required, PIC18F45K22 Definitions
    47                           ; 
    48                           ; SFR Addresses
    49  0000                     _ANSELC	set	3898
    50  0000                     _TRISC	set	3988
    51  0000                     _TXREG1	set	4013
    52  0000                     _SPBRG1	set	4015
    53  0000                     _SPBRGH1	set	4016
    54  0000                     _TXSTA1bits	set	4012
    55  0000                     _RCSTA1bits	set	4011
    56  0000                     _BAUDCON1bits	set	4024
    57  0000                     _TXSTAbits	set	4012
    58  0000                     _RCSTA1	set	4011
    59  0000                     _TXSTA1	set	4012
    60  0000                     _TX1IF	set	31988
    61                           
    62                           	psect	smallconst
    63  000600                     __psmallconst:
    64                           	opt stack 0
    65  000600  00                 	db	0
    66  000601                     STR_2:
    67  000601  41                 	db	65	;'A'
    68  000602  54                 	db	84	;'T'
    69  000603  2B                 	db	43
    70  000604  43                 	db	67	;'C'
    71  000605  57                 	db	87	;'W'
    72  000606  4A                 	db	74	;'J'
    73  000607  41                 	db	65	;'A'
    74  000608  50                 	db	80	;'P'
    75  000609  3D                 	db	61	;'='
    76  00060A  22                 	db	34
    77  00060B  4A                 	db	74	;'J'
    78  00060C  53                 	db	83	;'S'
    79  00060D  44                 	db	68	;'D'
    80  00060E  20                 	db	32
    81  00060F  45                 	db	69	;'E'
    82  000610  4C                 	db	76	;'L'
    83  000611  45                 	db	69	;'E'
    84  000612  43                 	db	67	;'C'
    85  000613  54                 	db	84	;'T'
    86  000614  52                 	db	82	;'R'
    87  000615  4F                 	db	79	;'O'
    88  000616  4E                 	db	78	;'N'
    89  000617  49                 	db	73	;'I'
    90  000618  43                 	db	67	;'C'
    91  000619  53                 	db	83	;'S'
    92  00061A  20                 	db	32
    93  00061B  22                 	db	34
    94  00061C  2C                 	db	44
    95  00061D  22                 	db	34
    96  00061E  47                 	db	71	;'G'
    97  00061F  50                 	db	80	;'P'
    98  000620  53                 	db	83	;'S'
    99  000621  42                 	db	66	;'B'
   100  000622  4F                 	db	79	;'O'
   101  000623  58                 	db	88	;'X'
   102  000624  5F                 	db	95	;'_'
   103  000625  6A                 	db	106	;'j'
   104  000626  73                 	db	115	;'s'
   105  000627  64                 	db	100	;'d'
   106  000628  40                 	db	64	;'@'
   107  000629  28                 	db	40
   108  00062A  2A                 	db	42
   109  00062B  26                 	db	38
   110  00062C  5E                 	db	94	;'^'
   111  00062D  35                 	db	53	;'5'
   112  00062E  34                 	db	52	;'4'
   113  00062F  33                 	db	51	;'3'
   114  000630  32                 	db	50	;'2'
   115  000631  31                 	db	49	;'1'
   116  000632  22                 	db	34
   117  000633  0D                 	db	13
   118  000634  0A                 	db	10
   119  000635  00                 	db	0
   120  000636                     STR_8:
   121  000636  47                 	db	71	;'G'
   122  000637  45                 	db	69	;'E'
   123  000638  54                 	db	84	;'T'
   124  000639  20                 	db	32
   125  00063A  2F                 	db	47
   126  00063B  75                 	db	117	;'u'
   127  00063C  70                 	db	112	;'p'
   128  00063D  64                 	db	100	;'d'
   129  00063E  61                 	db	97	;'a'
   130  00063F  74                 	db	116	;'t'
   131  000640  65                 	db	101	;'e'
   132  000641  3F                 	db	63	;'?'
   133  000642  6B                 	db	107	;'k'
   134  000643  65                 	db	101	;'e'
   135  000644  79                 	db	121	;'y'
   136  000645  3D                 	db	61	;'='
   137  000646  4B                 	db	75	;'K'
   138  000647  4A                 	db	74	;'J'
   139  000648  58                 	db	88	;'X'
   140  000649  53                 	db	83	;'S'
   141  00064A  32                 	db	50	;'2'
   142  00064B  4C                 	db	76	;'L'
   143  00064C  48                 	db	72	;'H'
   144  00064D  36                 	db	54	;'6'
   145  00064E  31                 	db	49	;'1'
   146  00064F  45                 	db	69	;'E'
   147  000650  52                 	db	82	;'R'
   148  000651  44                 	db	68	;'D'
   149  000652  4A                 	db	74	;'J'
   150  000653  44                 	db	68	;'D'
   151  000654  41                 	db	65	;'A'
   152  000655  50                 	db	80	;'P'
   153  000656  26                 	db	38
   154  000657  66                 	db	102	;'f'
   155  000658  69                 	db	105	;'i'
   156  000659  65                 	db	101	;'e'
   157  00065A  6C                 	db	108	;'l'
   158  00065B  64                 	db	100	;'d'
   159  00065C  31                 	db	49	;'1'
   160  00065D  3D                 	db	61	;'='
   161  00065E  36                 	db	54	;'6'
   162  00065F  39                 	db	57	;'9'
   163  000660  0D                 	db	13
   164  000661  0A                 	db	10
   165  000662  00                 	db	0
   166  000663                     STR_6:
   167  000663  41                 	db	65	;'A'
   168  000664  54                 	db	84	;'T'
   169  000665  2B                 	db	43
   170  000666  43                 	db	67	;'C'
   171  000667  49                 	db	73	;'I'
   172  000668  50                 	db	80	;'P'
   173  000669  53                 	db	83	;'S'
   174  00066A  54                 	db	84	;'T'
   175  00066B  41                 	db	65	;'A'
   176  00066C  52                 	db	82	;'R'
   177  00066D  54                 	db	84	;'T'
   178  00066E  3D                 	db	61	;'='
   179  00066F  34                 	db	52	;'4'
   180  000670  2C                 	db	44
   181  000671  22                 	db	34
   182  000672  54                 	db	84	;'T'
   183  000673  43                 	db	67	;'C'
   184  000674  50                 	db	80	;'P'
   185  000675  22                 	db	34
   186  000676  2C                 	db	44
   187  000677  22                 	db	34
   188  000678  31                 	db	49	;'1'
   189  000679  38                 	db	56	;'8'
   190  00067A  34                 	db	52	;'4'
   191  00067B  2E                 	db	46
   192  00067C  31                 	db	49	;'1'
   193  00067D  30                 	db	48	;'0'
   194  00067E  36                 	db	54	;'6'
   195  00067F  2E                 	db	46
   196  000680  31                 	db	49	;'1'
   197  000681  35                 	db	53	;'5'
   198  000682  33                 	db	51	;'3'
   199  000683  2E                 	db	46
   200  000684  31                 	db	49	;'1'
   201  000685  34                 	db	52	;'4'
   202  000686  39                 	db	57	;'9'
   203  000687  22                 	db	34
   204  000688  2C                 	db	44
   205  000689  38                 	db	56	;'8'
   206  00068A  30                 	db	48	;'0'
   207  00068B  0D                 	db	13
   208  00068C  0A                 	db	10
   209  00068D  00                 	db	0
   210  00068E                     STR_5:
   211  00068E  41                 	db	65	;'A'
   212  00068F  54                 	db	84	;'T'
   213  000690  2B                 	db	43
   214  000691  43                 	db	67	;'C'
   215  000692  49                 	db	73	;'I'
   216  000693  50                 	db	80	;'P'
   217  000694  53                 	db	83	;'S'
   218  000695  45                 	db	69	;'E'
   219  000696  52                 	db	82	;'R'
   220  000697  56                 	db	86	;'V'
   221  000698  45                 	db	69	;'E'
   222  000699  52                 	db	82	;'R'
   223  00069A  3D                 	db	61	;'='
   224  00069B  31                 	db	49	;'1'
   225  00069C  2C                 	db	44
   226  00069D  38                 	db	56	;'8'
   227  00069E  30                 	db	48	;'0'
   228  00069F  0D                 	db	13
   229  0006A0  0A                 	db	10
   230  0006A1  00                 	db	0
   231  0006A2                     STR_7:
   232  0006A2  41                 	db	65	;'A'
   233  0006A3  54                 	db	84	;'T'
   234  0006A4  2B                 	db	43
   235  0006A5  43                 	db	67	;'C'
   236  0006A6  49                 	db	73	;'I'
   237  0006A7  50                 	db	80	;'P'
   238  0006A8  53                 	db	83	;'S'
   239  0006A9  45                 	db	69	;'E'
   240  0006AA  4E                 	db	78	;'N'
   241  0006AB  44                 	db	68	;'D'
   242  0006AC  3D                 	db	61	;'='
   243  0006AD  34                 	db	52	;'4'
   244  0006AE  2C                 	db	44
   245  0006AF  34                 	db	52	;'4'
   246  0006B0  34                 	db	52	;'4'
   247  0006B1  0D                 	db	13
   248  0006B2  0A                 	db	10
   249  0006B3  00                 	db	0
   250  0006B4                     STR_4:
   251  0006B4  41                 	db	65	;'A'
   252  0006B5  54                 	db	84	;'T'
   253  0006B6  2B                 	db	43
   254  0006B7  43                 	db	67	;'C'
   255  0006B8  49                 	db	73	;'I'
   256  0006B9  50                 	db	80	;'P'
   257  0006BA  4D                 	db	77	;'M'
   258  0006BB  55                 	db	85	;'U'
   259  0006BC  58                 	db	88	;'X'
   260  0006BD  3D                 	db	61	;'='
   261  0006BE  31                 	db	49	;'1'
   262  0006BF  0D                 	db	13
   263  0006C0  0A                 	db	10
   264  0006C1  00                 	db	0
   265  0006C2                     STR_1:
   266  0006C2  41                 	db	65	;'A'
   267  0006C3  54                 	db	84	;'T'
   268  0006C4  0D                 	db	13
   269  0006C5  0A                 	db	10
   270  0006C6  00                 	db	0
   271  0000                     
   272                           ; #config settings
   273  0006C7  00                 	db	0	; dummy byte at the end
   274  0000                     
   275                           	psect	cinit
   276  000902                     __pcinit:
   277                           	opt stack 0
   278  000902                     start_initialization:
   279                           	opt stack 0
   280  000902                     __initialization:
   281                           	opt stack 0
   282  000902                     end_of_initialization:
   283                           	opt stack 0
   284  000902                     __end_of__initialization:
   285                           	opt stack 0
   286  000902  0E00               	movlw	low (__Lsmallconst shr (0+16))
   287  000904  6EF8               	movwf	tblptru,c
   288  000906  0E06               	movlw	high __Lsmallconst
   289  000908  6EF7               	movwf	tblptrh,c
   290  00090A  0100               	movlb	0
   291  00090C  EF64  F003         	goto	_main	;jump to C main() function
   292                           tblptru	equ	0xFF8
   293                           tblptrh	equ	0xFF7
   294                           
   295                           	psect	cstackCOMRAM
   296  000001                     __pcstackCOMRAM:
   297                           	opt stack 0
   298  000001                     ?___lldiv:
   299                           	opt stack 0
   300  000001                     uart_string1@str:
   301                           	opt stack 0
   302  000001                     ___lldiv@dividend:
   303                           	opt stack 0
   304                           
   305                           ; 4 bytes @ 0x0
   306  000001                     	ds	2
   307  000003                     
   308                           ; 1 bytes @ 0x2
   309  000003                     	ds	2
   310  000005                     ___lldiv@divisor:
   311                           	opt stack 0
   312                           
   313                           ; 4 bytes @ 0x4
   314  000005                     	ds	4
   315  000009                     ___lldiv@quotient:
   316                           	opt stack 0
   317                           
   318                           ; 4 bytes @ 0x8
   319  000009                     	ds	4
   320  00000D                     ___lldiv@counter:
   321                           	opt stack 0
   322                           
   323                           ; 1 bytes @ 0xC
   324  00000D                     	ds	1
   325  00000E                     uart_init1@baud:
   326                           	opt stack 0
   327                           
   328                           ; 4 bytes @ 0xD
   329  00000E                     	ds	4
   330  000012                     uart_init1@n:
   331                           	opt stack 0
   332                           
   333                           ; 2 bytes @ 0x11
   334  000012                     	ds	2
   335  000014                     ??_main:
   336                           
   337                           ; 1 bytes @ 0x13
   338  000014                     	ds	2
   339                           tblptru	equ	0xFF8
   340                           tblptrh	equ	0xFF7
   341                           
   342 ;;
   343 ;;Main: autosize = 0, tempsize = 2, incstack = 0, save=0
   344 ;;
   345 ;; *************** function _main *****************
   346 ;; Defined at:
   347 ;;		line 116 in file "Automation-2.c"
   348 ;; Parameters:    Size  Location     Type
   349 ;;		None
   350 ;; Auto vars:     Size  Location     Type
   351 ;;		None
   352 ;; Return value:  Size  Location     Type
   353 ;;                  1    wreg      void 
   354 ;; Registers used:
   355 ;;		wreg, status,2, status,0, tblptrl, tblptrh, tblptru, cstack
   356 ;; Tracked objects:
   357 ;;		On entry : 0/0
   358 ;;		On exit  : 0/0
   359 ;;		Unchanged: 0/0
   360 ;; Data sizes:     COMRAM   BANK0   BANK1   BANK2   BANK3   BANK4   BANK5
   361 ;;      Params:         0       0       0       0       0       0       0
   362 ;;      Locals:         0       0       0       0       0       0       0
   363 ;;      Temps:          2       0       0       0       0       0       0
   364 ;;      Totals:         2       0       0       0       0       0       0
   365 ;;Total ram usage:        2 bytes
   366 ;; Hardware stack levels required when called:    2
   367 ;; This function calls:
   368 ;;		_uart_init1
   369 ;;		_uart_string1
   370 ;; This function is called by:
   371 ;;		Startup code after reset
   372 ;; This function uses a non-reentrant model
   373 ;;
   374                           
   375                           	psect	text0
   376  0006C8                     __ptext0:
   377                           	opt stack 0
   378  0006C8                     _main:
   379                           	opt stack 29
   380                           
   381                           ;Automation-2.c: 119: ANSELC=0;
   382                           
   383                           ;incstack = 0
   384  0006C8  0E00               	movlw	0
   385  0006CA  010F               	movlb	15	; () banked
   386  0006CC  6F3A               	movwf	58,b	;volatile
   387                           
   388                           ;Automation-2.c: 120: TRISC=0x00;
   389  0006CE  0E00               	movlw	0
   390  0006D0  6E94               	movwf	3988,c	;volatile
   391                           
   392                           ; BSR set to: 15
   393                           ;Automation-2.c: 121: uart_init1(115200);
   394  0006D2  0E00               	movlw	0
   395  0006D4  6E0E               	movwf	uart_init1@baud,c
   396  0006D6  0EC2               	movlw	194
   397  0006D8  6E0F               	movwf	uart_init1@baud+1,c
   398  0006DA  0E01               	movlw	1
   399  0006DC  6E10               	movwf	uart_init1@baud+2,c
   400  0006DE  0E00               	movlw	0
   401  0006E0  6E11               	movwf	uart_init1@baud+3,c
   402  0006E2  EC44  F004         	call	_uart_init1	;wreg free
   403                           
   404                           ;Automation-2.c: 122: _delay((unsigned long)((1000)*(16000000/4000.0)));
   405  0006E6  0E15               	movlw	21
   406  0006E8  6E15               	movwf	(??_main+1)& (0+255),c
   407  0006EA  0E4B               	movlw	75
   408  0006EC  6E14               	movwf	??_main& (0+255),c
   409  0006EE  0EBE               	movlw	190
   410  0006F0                     u127:
   411  0006F0  2EE8               	decfsz	wreg,f,c
   412  0006F2  D7FE               	bra	u127
   413  0006F4  2E14               	decfsz	??_main& (0+255),f,c
   414  0006F6  D7FC               	bra	u127
   415  0006F8  2E15               	decfsz	(??_main+1)& (0+255),f,c
   416  0006FA  D7FA               	bra	u127
   417  0006FC  D000               	nop2	
   418                           
   419                           ;Automation-2.c: 123: uart_string1("AT\r\n");
   420  0006FE  0EC2               	movlw	low STR_1
   421  000700  6E01               	movwf	uart_string1@str,c
   422  000702  0E06               	movlw	high STR_1
   423  000704  6E02               	movwf	uart_string1@str+1,c
   424  000706  EC6B  F004         	call	_uart_string1	;wreg free
   425                           
   426                           ;Automation-2.c: 124: _delay((unsigned long)((1000)*(16000000/4000.0)));
   427  00070A  0E15               	movlw	21
   428  00070C  6E15               	movwf	(??_main+1)& (0+255),c
   429  00070E  0E4B               	movlw	75
   430  000710  6E14               	movwf	??_main& (0+255),c
   431  000712  0EBE               	movlw	190
   432  000714                     u137:
   433  000714  2EE8               	decfsz	wreg,f,c
   434  000716  D7FE               	bra	u137
   435  000718  2E14               	decfsz	??_main& (0+255),f,c
   436  00071A  D7FC               	bra	u137
   437  00071C  2E15               	decfsz	(??_main+1)& (0+255),f,c
   438  00071E  D7FA               	bra	u137
   439  000720  D000               	nop2	
   440                           
   441                           ;Automation-2.c: 125: uart_string1("AT+CWJAP=\"JSD ELECTRONICS \",\"GPSBOX_jsd@(*&^54321
      +                          \"\r\n");
   442  000722  0E01               	movlw	low STR_2
   443  000724  6E01               	movwf	uart_string1@str,c
   444  000726  0E06               	movlw	high STR_2
   445  000728  6E02               	movwf	uart_string1@str+1,c
   446  00072A  EC6B  F004         	call	_uart_string1	;wreg free
   447                           
   448                           ;Automation-2.c: 126: _delay((unsigned long)((10000)*(16000000/4000.0)));
   449  00072E  0ECB               	movlw	203
   450  000730  6E15               	movwf	(??_main+1)& (0+255),c
   451  000732  0EEC               	movlw	236
   452  000734  6E14               	movwf	??_main& (0+255),c
   453  000736  0E84               	movlw	132
   454  000738                     u147:
   455  000738  2EE8               	decfsz	wreg,f,c
   456  00073A  D7FE               	bra	u147
   457  00073C  2E14               	decfsz	??_main& (0+255),f,c
   458  00073E  D7FC               	bra	u147
   459  000740  2E15               	decfsz	(??_main+1)& (0+255),f,c
   460  000742  D7FA               	bra	u147
   461  000744  D000               	nop2	
   462  000746                     l818:
   463                           
   464                           ;Automation-2.c: 128: {
   465                           ;Automation-2.c: 129: uart_string1("AT\r\n");
   466  000746  0EC2               	movlw	low STR_1
   467  000748  6E01               	movwf	uart_string1@str,c
   468  00074A  0E06               	movlw	high STR_1
   469  00074C  6E02               	movwf	uart_string1@str+1,c
   470  00074E  EC6B  F004         	call	_uart_string1	;wreg free
   471                           
   472                           ;Automation-2.c: 130: _delay((unsigned long)((2000)*(16000000/4000.0)));
   473  000752  0E29               	movlw	41
   474  000754  6E15               	movwf	(??_main+1)& (0+255),c
   475  000756  0E96               	movlw	150
   476  000758  6E14               	movwf	??_main& (0+255),c
   477  00075A  0E7F               	movlw	127
   478  00075C                     u157:
   479  00075C  2EE8               	decfsz	wreg,f,c
   480  00075E  D7FE               	bra	u157
   481  000760  2E14               	decfsz	??_main& (0+255),f,c
   482  000762  D7FC               	bra	u157
   483  000764  2E15               	decfsz	(??_main+1)& (0+255),f,c
   484  000766  D7FA               	bra	u157
   485  000768  F000               	nop	
   486                           
   487                           ;Automation-2.c: 133: uart_string1("AT+CIPMUX=1\r\n");
   488  00076A  0EB4               	movlw	low STR_4
   489  00076C  6E01               	movwf	uart_string1@str,c
   490  00076E  0E06               	movlw	high STR_4
   491  000770  6E02               	movwf	uart_string1@str+1,c
   492  000772  EC6B  F004         	call	_uart_string1	;wreg free
   493                           
   494                           ;Automation-2.c: 134: _delay((unsigned long)((1000)*(16000000/4000.0)));
   495  000776  0E15               	movlw	21
   496  000778  6E15               	movwf	(??_main+1)& (0+255),c
   497  00077A  0E4B               	movlw	75
   498  00077C  6E14               	movwf	??_main& (0+255),c
   499  00077E  0EBE               	movlw	190
   500  000780                     u167:
   501  000780  2EE8               	decfsz	wreg,f,c
   502  000782  D7FE               	bra	u167
   503  000784  2E14               	decfsz	??_main& (0+255),f,c
   504  000786  D7FC               	bra	u167
   505  000788  2E15               	decfsz	(??_main+1)& (0+255),f,c
   506  00078A  D7FA               	bra	u167
   507  00078C  D000               	nop2	
   508                           
   509                           ;Automation-2.c: 135: uart_string1("AT+CIPSERVER=1,80\r\n");
   510  00078E  0E8E               	movlw	low STR_5
   511  000790  6E01               	movwf	uart_string1@str,c
   512  000792  0E06               	movlw	high STR_5
   513  000794  6E02               	movwf	uart_string1@str+1,c
   514  000796  EC6B  F004         	call	_uart_string1	;wreg free
   515                           
   516                           ;Automation-2.c: 136: _delay((unsigned long)((1000)*(16000000/4000.0)));
   517  00079A  0E15               	movlw	21
   518  00079C  6E15               	movwf	(??_main+1)& (0+255),c
   519  00079E  0E4B               	movlw	75
   520  0007A0  6E14               	movwf	??_main& (0+255),c
   521  0007A2  0EBE               	movlw	190
   522  0007A4                     u177:
   523  0007A4  2EE8               	decfsz	wreg,f,c
   524  0007A6  D7FE               	bra	u177
   525  0007A8  2E14               	decfsz	??_main& (0+255),f,c
   526  0007AA  D7FC               	bra	u177
   527  0007AC  2E15               	decfsz	(??_main+1)& (0+255),f,c
   528  0007AE  D7FA               	bra	u177
   529  0007B0  D000               	nop2	
   530                           
   531                           ;Automation-2.c: 137: uart_string1("AT+CIPSTART=4,\"TCP\",\"184.106.153.149\",80\r\n");
   532  0007B2  0E63               	movlw	low STR_6
   533  0007B4  6E01               	movwf	uart_string1@str,c
   534  0007B6  0E06               	movlw	high STR_6
   535  0007B8  6E02               	movwf	uart_string1@str+1,c
   536  0007BA  EC6B  F004         	call	_uart_string1	;wreg free
   537                           
   538                           ;Automation-2.c: 138: _delay((unsigned long)((3000)*(16000000/4000.0)));
   539  0007BE  0E3D               	movlw	61
   540  0007C0  6E15               	movwf	(??_main+1)& (0+255),c
   541  0007C2  0EE1               	movlw	225
   542  0007C4  6E14               	movwf	??_main& (0+255),c
   543  0007C6  0E40               	movlw	64
   544  0007C8                     u187:
   545  0007C8  2EE8               	decfsz	wreg,f,c
   546  0007CA  D7FE               	bra	u187
   547  0007CC  2E14               	decfsz	??_main& (0+255),f,c
   548  0007CE  D7FC               	bra	u187
   549  0007D0  2E15               	decfsz	(??_main+1)& (0+255),f,c
   550  0007D2  D7FA               	bra	u187
   551                           
   552                           ;Automation-2.c: 139: uart_string1("AT+CIPSEND=4,44\r\n");
   553  0007D4  0EA2               	movlw	low STR_7
   554  0007D6  6E01               	movwf	uart_string1@str,c
   555  0007D8  0E06               	movlw	high STR_7
   556  0007DA  6E02               	movwf	uart_string1@str+1,c
   557  0007DC  EC6B  F004         	call	_uart_string1	;wreg free
   558                           
   559                           ;Automation-2.c: 140: _delay((unsigned long)((1000)*(16000000/4000.0)));
   560  0007E0  0E15               	movlw	21
   561  0007E2  6E15               	movwf	(??_main+1)& (0+255),c
   562  0007E4  0E4B               	movlw	75
   563  0007E6  6E14               	movwf	??_main& (0+255),c
   564  0007E8  0EBE               	movlw	190
   565  0007EA                     u197:
   566  0007EA  2EE8               	decfsz	wreg,f,c
   567  0007EC  D7FE               	bra	u197
   568  0007EE  2E14               	decfsz	??_main& (0+255),f,c
   569  0007F0  D7FC               	bra	u197
   570  0007F2  2E15               	decfsz	(??_main+1)& (0+255),f,c
   571  0007F4  D7FA               	bra	u197
   572  0007F6  D000               	nop2	
   573                           
   574                           ;Automation-2.c: 141: uart_string1("GET /update?key=KJXS2LH61ERDJDAP&field1=69\r\n");
   575  0007F8  0E36               	movlw	low STR_8
   576  0007FA  6E01               	movwf	uart_string1@str,c
   577  0007FC  0E06               	movlw	high STR_8
   578  0007FE  6E02               	movwf	uart_string1@str+1,c
   579  000800  EC6B  F004         	call	_uart_string1	;wreg free
   580  000804  D7A0               	goto	l818
   581  000806                     __end_of_main:
   582                           	opt stack 0
   583                           tblptru	equ	0xFF8
   584                           tblptrh	equ	0xFF7
   585                           wreg	equ	0xFE8
   586                           
   587 ;; *************** function _uart_string1 *****************
   588 ;; Defined at:
   589 ;;		line 106 in file "Automation-2.c"
   590 ;; Parameters:    Size  Location     Type
   591 ;;  str             2    0[COMRAM] PTR unsigned char 
   592 ;;		 -> STR_8(45), STR_7(18), STR_6(43), STR_5(20), 
   593 ;;		 -> STR_4(14), STR_3(5), STR_2(53), STR_1(5), 
   594 ;; Auto vars:     Size  Location     Type
   595 ;;		None
   596 ;; Return value:  Size  Location     Type
   597 ;;                  1    wreg      void 
   598 ;; Registers used:
   599 ;;		wreg, status,2, status,0, tblptrl, tblptrh, tblptru
   600 ;; Tracked objects:
   601 ;;		On entry : 0/0
   602 ;;		On exit  : 0/0
   603 ;;		Unchanged: 0/0
   604 ;; Data sizes:     COMRAM   BANK0   BANK1   BANK2   BANK3   BANK4   BANK5
   605 ;;      Params:         2       0       0       0       0       0       0
   606 ;;      Locals:         0       0       0       0       0       0       0
   607 ;;      Temps:          0       0       0       0       0       0       0
   608 ;;      Totals:         2       0       0       0       0       0       0
   609 ;;Total ram usage:        2 bytes
   610 ;; Hardware stack levels used:    1
   611 ;; This function calls:
   612 ;;		Nothing
   613 ;; This function is called by:
   614 ;;		_main
   615 ;; This function uses a non-reentrant model
   616 ;;
   617                           
   618                           	psect	text1
   619  0008D6                     __ptext1:
   620                           	opt stack 0
   621  0008D6                     _uart_string1:
   622                           	opt stack 30
   623                           
   624                           ;Automation-2.c: 108: while((*str)!='\0')
   625                           
   626                           ;incstack = 0
   627  0008D6  D00B               	goto	l802
   628  0008D8                     l40:
   629  0008D8  A89E               	btfss	3998,4,c	;volatile
   630  0008DA  D7FE               	goto	l40
   631                           
   632                           ;Automation-2.c: 111: TXREG1=(*str);
   633  0008DC  C001  FFF6         	movff	uart_string1@str,tblptrl
   634  0008E0  C002  FFF7         	movff	uart_string1@str+1,tblptrh
   635  0008E4                     	if	0	;tblptru may be non-zero
   636  0008E4                     	endif
   637  0008E4                     	if	0	;tblptru may be non-zero
   638  0008E4                     	endif
   639  0008E4  0008               	tblrd		*
   640  0008E6  CFF5 FFAD          	movff	tablat,4013	;volatile
   641                           
   642                           ;Automation-2.c: 112: str++;
   643  0008EA  4A01               	infsnz	uart_string1@str,f,c
   644  0008EC  2A02               	incf	uart_string1@str+1,f,c
   645  0008EE                     l802:
   646  0008EE  C001  FFF6         	movff	uart_string1@str,tblptrl
   647  0008F2  C002  FFF7         	movff	uart_string1@str+1,tblptrh
   648  0008F6                     	if	0	;tblptru may be non-zero
   649  0008F6                     	endif
   650  0008F6                     	if	0	;tblptru may be non-zero
   651  0008F6                     	endif
   652  0008F6  0008               	tblrd		*
   653  0008F8  50F5               	movf	tablat,w,c
   654  0008FA  0900               	iorlw	0
   655  0008FC  B4D8               	btfsc	status,2,c
   656  0008FE  0012               	return	
   657  000900  D7EB               	goto	l40
   658  000902                     __end_of_uart_string1:
   659                           	opt stack 0
   660                           tblptru	equ	0xFF8
   661                           tblptrh	equ	0xFF7
   662                           tblptrl	equ	0xFF6
   663                           tablat	equ	0xFF5
   664                           wreg	equ	0xFE8
   665                           status	equ	0xFD8
   666                           
   667 ;; *************** function _uart_init1 *****************
   668 ;; Defined at:
   669 ;;		line 83 in file "Automation-2.c"
   670 ;; Parameters:    Size  Location     Type
   671 ;;  baud            4   13[COMRAM] unsigned long 
   672 ;; Auto vars:     Size  Location     Type
   673 ;;  n               2   17[COMRAM] unsigned int 
   674 ;; Return value:  Size  Location     Type
   675 ;;                  1    wreg      void 
   676 ;; Registers used:
   677 ;;		wreg, status,2, status,0, cstack
   678 ;; Tracked objects:
   679 ;;		On entry : 0/0
   680 ;;		On exit  : 0/0
   681 ;;		Unchanged: 0/0
   682 ;; Data sizes:     COMRAM   BANK0   BANK1   BANK2   BANK3   BANK4   BANK5
   683 ;;      Params:         4       0       0       0       0       0       0
   684 ;;      Locals:         2       0       0       0       0       0       0
   685 ;;      Temps:          0       0       0       0       0       0       0
   686 ;;      Totals:         6       0       0       0       0       0       0
   687 ;;Total ram usage:        6 bytes
   688 ;; Hardware stack levels used:    1
   689 ;; Hardware stack levels required when called:    1
   690 ;; This function calls:
   691 ;;		___lldiv
   692 ;; This function is called by:
   693 ;;		_main
   694 ;; This function uses a non-reentrant model
   695 ;;
   696                           
   697                           	psect	text2
   698  000888                     __ptext2:
   699                           	opt stack 0
   700  000888                     _uart_init1:
   701                           	opt stack 29
   702                           
   703                           ;Automation-2.c: 85: unsigned int n;
   704                           ;Automation-2.c: 86: TXSTA1 = 0x00;
   705                           
   706                           ;incstack = 0
   707  000888  0E00               	movlw	0
   708  00088A  6EAC               	movwf	4012,c	;volatile
   709                           
   710                           ;Automation-2.c: 87: RCSTA1 = 0x00;
   711  00088C  0E00               	movlw	0
   712  00088E  6EAB               	movwf	4011,c	;volatile
   713                           
   714                           ;Automation-2.c: 88: TXSTAbits.SYNC = 0;
   715  000890  98AC               	bcf	4012,4,c	;volatile
   716                           
   717                           ;Automation-2.c: 89: BAUDCON1bits.BRG16 = 1;
   718  000892  86B8               	bsf	4024,3,c	;volatile
   719                           
   720                           ;Automation-2.c: 90: RCSTA1bits.SPEN = 1;
   721  000894  8EAB               	bsf	4011,7,c	;volatile
   722                           
   723                           ;Automation-2.c: 91: RCSTA1bits.CREN = 1;
   724  000896  88AB               	bsf	4011,4,c	;volatile
   725                           
   726                           ;Automation-2.c: 92: TXSTA1bits.BRGH = 1;
   727  000898  84AC               	bsf	4012,2,c	;volatile
   728                           
   729                           ;Automation-2.c: 93: TXSTA1bits.TXEN = 1;
   730  00089A  8AAC               	bsf	4012,5,c	;volatile
   731                           
   732                           ;Automation-2.c: 94: n = ((16000000/4)/baud) - 1;
   733  00089C  0E00               	movlw	0
   734  00089E  6E01               	movwf	___lldiv@dividend,c
   735  0008A0  0E09               	movlw	9
   736  0008A2  6E02               	movwf	___lldiv@dividend+1,c
   737  0008A4  0E3D               	movlw	61
   738  0008A6  6E03               	movwf	___lldiv@dividend+2,c
   739  0008A8  0E00               	movlw	0
   740  0008AA  6E04               	movwf	___lldiv@dividend+3,c
   741  0008AC  C00E  F005         	movff	uart_init1@baud,___lldiv@divisor
   742  0008B0  C00F  F006         	movff	uart_init1@baud+1,___lldiv@divisor+1
   743  0008B4  C010  F007         	movff	uart_init1@baud+2,___lldiv@divisor+2
   744  0008B8  C011  F008         	movff	uart_init1@baud+3,___lldiv@divisor+3
   745  0008BC  EC03  F004         	call	___lldiv	;wreg free
   746  0008C0  0EFF               	movlw	255
   747  0008C2  2401               	addwf	?___lldiv,w,c
   748  0008C4  6E12               	movwf	uart_init1@n,c
   749  0008C6  0EFF               	movlw	255
   750  0008C8  2002               	addwfc	?___lldiv+1,w,c
   751  0008CA  6E13               	movwf	uart_init1@n+1,c
   752                           
   753                           ;Automation-2.c: 95: SPBRGH1 = (n>>8);
   754  0008CC  5013               	movf	uart_init1@n+1,w,c
   755  0008CE  6EB0               	movwf	4016,c	;volatile
   756                           
   757                           ;Automation-2.c: 96: SPBRG1 = n & 0xFF;
   758  0008D0  C012  FFAF         	movff	uart_init1@n,4015	;volatile
   759  0008D4  0012               	return		;funcret
   760  0008D6                     __end_of_uart_init1:
   761                           	opt stack 0
   762                           tblptru	equ	0xFF8
   763                           tblptrh	equ	0xFF7
   764                           tblptrl	equ	0xFF6
   765                           tablat	equ	0xFF5
   766                           wreg	equ	0xFE8
   767                           status	equ	0xFD8
   768                           
   769 ;; *************** function ___lldiv *****************
   770 ;; Defined at:
   771 ;;		line 8 in file "C:\Program Files (x86)\Microchip\xc8\v1.41\sources\common\lldiv.c"
   772 ;; Parameters:    Size  Location     Type
   773 ;;  dividend        4    0[COMRAM] unsigned long 
   774 ;;  divisor         4    4[COMRAM] unsigned long 
   775 ;; Auto vars:     Size  Location     Type
   776 ;;  quotient        4    8[COMRAM] unsigned long 
   777 ;;  counter         1   12[COMRAM] unsigned char 
   778 ;; Return value:  Size  Location     Type
   779 ;;                  4    0[COMRAM] unsigned long 
   780 ;; Registers used:
   781 ;;		wreg, status,2, status,0
   782 ;; Tracked objects:
   783 ;;		On entry : 0/0
   784 ;;		On exit  : 0/0
   785 ;;		Unchanged: 0/0
   786 ;; Data sizes:     COMRAM   BANK0   BANK1   BANK2   BANK3   BANK4   BANK5
   787 ;;      Params:         8       0       0       0       0       0       0
   788 ;;      Locals:         5       0       0       0       0       0       0
   789 ;;      Temps:          0       0       0       0       0       0       0
   790 ;;      Totals:        13       0       0       0       0       0       0
   791 ;;Total ram usage:       13 bytes
   792 ;; Hardware stack levels used:    1
   793 ;; This function calls:
   794 ;;		Nothing
   795 ;; This function is called by:
   796 ;;		_uart_init1
   797 ;; This function uses a non-reentrant model
   798 ;;
   799                           
   800                           	psect	text3
   801  000806                     __ptext3:
   802                           	opt stack 0
   803  000806                     ___lldiv:
   804                           	opt stack 29
   805                           
   806                           ;incstack = 0
   807  000806  0E00               	movlw	0
   808  000808  6E09               	movwf	___lldiv@quotient,c
   809  00080A  0E00               	movlw	0
   810  00080C  6E0A               	movwf	___lldiv@quotient+1,c
   811  00080E  0E00               	movlw	0
   812  000810  6E0B               	movwf	___lldiv@quotient+2,c
   813  000812  0E00               	movlw	0
   814  000814  6E0C               	movwf	___lldiv@quotient+3,c
   815  000816  5005               	movf	___lldiv@divisor,w,c
   816  000818  1006               	iorwf	___lldiv@divisor+1,w,c
   817  00081A  1007               	iorwf	___lldiv@divisor+2,w,c
   818  00081C  1008               	iorwf	___lldiv@divisor+3,w,c
   819  00081E  B4D8               	btfsc	status,2,c
   820  000820  D02A               	goto	l400
   821  000822  0E01               	movlw	1
   822  000824  6E0D               	movwf	___lldiv@counter,c
   823  000826  D006               	goto	l762
   824  000828                     l760:
   825  000828  90D8               	bcf	status,0,c
   826  00082A  3605               	rlcf	___lldiv@divisor,f,c
   827  00082C  3606               	rlcf	___lldiv@divisor+1,f,c
   828  00082E  3607               	rlcf	___lldiv@divisor+2,f,c
   829  000830  3608               	rlcf	___lldiv@divisor+3,f,c
   830  000832  2A0D               	incf	___lldiv@counter,f,c
   831  000834                     l762:
   832  000834  AE08               	btfss	___lldiv@divisor+3,7,c
   833  000836  D7F8               	goto	l760
   834  000838                     l764:
   835  000838  90D8               	bcf	status,0,c
   836  00083A  3609               	rlcf	___lldiv@quotient,f,c
   837  00083C  360A               	rlcf	___lldiv@quotient+1,f,c
   838  00083E  360B               	rlcf	___lldiv@quotient+2,f,c
   839  000840  360C               	rlcf	___lldiv@quotient+3,f,c
   840  000842  5005               	movf	___lldiv@divisor,w,c
   841  000844  5C01               	subwf	___lldiv@dividend,w,c
   842  000846  5006               	movf	___lldiv@divisor+1,w,c
   843  000848  5802               	subwfb	___lldiv@dividend+1,w,c
   844  00084A  5007               	movf	___lldiv@divisor+2,w,c
   845  00084C  5803               	subwfb	___lldiv@dividend+2,w,c
   846  00084E  5008               	movf	___lldiv@divisor+3,w,c
   847  000850  5804               	subwfb	___lldiv@dividend+3,w,c
   848  000852  A0D8               	btfss	status,0,c
   849  000854  D009               	goto	l772
   850  000856  5005               	movf	___lldiv@divisor,w,c
   851  000858  5E01               	subwf	___lldiv@dividend,f,c
   852  00085A  5006               	movf	___lldiv@divisor+1,w,c
   853  00085C  5A02               	subwfb	___lldiv@dividend+1,f,c
   854  00085E  5007               	movf	___lldiv@divisor+2,w,c
   855  000860  5A03               	subwfb	___lldiv@dividend+2,f,c
   856  000862  5008               	movf	___lldiv@divisor+3,w,c
   857  000864  5A04               	subwfb	___lldiv@dividend+3,f,c
   858  000866  8009               	bsf	___lldiv@quotient,0,c
   859  000868                     l772:
   860  000868  90D8               	bcf	status,0,c
   861  00086A  3208               	rrcf	___lldiv@divisor+3,f,c
   862  00086C  3207               	rrcf	___lldiv@divisor+2,f,c
   863  00086E  3206               	rrcf	___lldiv@divisor+1,f,c
   864  000870  3205               	rrcf	___lldiv@divisor,f,c
   865  000872  2E0D               	decfsz	___lldiv@counter,f,c
   866  000874  D7E1               	goto	l764
   867  000876                     l400:
   868  000876  C009  F001         	movff	___lldiv@quotient,?___lldiv
   869  00087A  C00A  F002         	movff	___lldiv@quotient+1,?___lldiv+1
   870  00087E  C00B  F003         	movff	___lldiv@quotient+2,?___lldiv+2
   871  000882  C00C  F004         	movff	___lldiv@quotient+3,?___lldiv+3
   872  000886  0012               	return		;funcret
   873  000888                     __end_of___lldiv:
   874                           	opt stack 0
   875                           tblptru	equ	0xFF8
   876                           tblptrh	equ	0xFF7
   877                           tblptrl	equ	0xFF6
   878                           tablat	equ	0xFF5
   879                           wreg	equ	0xFE8
   880                           status	equ	0xFD8
   881                           tblptru	equ	0xFF8
   882                           tblptrh	equ	0xFF7
   883                           tblptrl	equ	0xFF6
   884                           tablat	equ	0xFF5
   885                           wreg	equ	0xFE8
   886                           status	equ	0xFD8
   887                           
   888                           	psect	rparam
   889  0000                     tblptru	equ	0xFF8
   890                           tblptrh	equ	0xFF7
   891                           tblptrl	equ	0xFF6
   892                           tablat	equ	0xFF5
   893                           wreg	equ	0xFE8
   894                           status	equ	0xFD8


Data Sizes:
    Strings     198
    Constant    0
    Data        0
    BSS         0
    Persistent  0
    Stack       0

Auto Spaces:
    Space          Size  Autos    Used
    COMRAM           95     21      21
    BANK0           160      0       0
    BANK1           256      0       0
    BANK2           256      0       0
    BANK3           256      0       0
    BANK4           256      0       0
    BANK5           256      0       0

Pointer List with Targets:

    uart_string1@str	PTR unsigned char  size(2) Largest target is 53
		 -> STR_8(CODE[45]), STR_7(CODE[18]), STR_6(CODE[43]), STR_5(CODE[20]), 
		 -> STR_4(CODE[14]), STR_3(CODE[5]), STR_2(CODE[53]), STR_1(CODE[5]), 


Critical Paths under _main in COMRAM

    _main->_uart_init1
    _uart_init1->___lldiv

Critical Paths under _main in BANK0

    None.

Critical Paths under _main in BANK1

    None.

Critical Paths under _main in BANK2

    None.

Critical Paths under _main in BANK3

    None.

Critical Paths under _main in BANK4

    None.

Critical Paths under _main in BANK5

    None.

Call Graph Tables:

 ---------------------------------------------------------------------------------
 (Depth) Function   	        Calls       Base Space   Used Autos Params    Refs
 ---------------------------------------------------------------------------------
 (0) _main                                                 2     2      0     978
                                             19 COMRAM     2     2      0
                         _uart_init1
                       _uart_string1
 ---------------------------------------------------------------------------------
 (1) _uart_string1                                         2     0      2     557
                                              0 COMRAM     2     0      2
 ---------------------------------------------------------------------------------
 (1) _uart_init1                                           6     2      4     421
                                             13 COMRAM     6     2      4
                            ___lldiv
 ---------------------------------------------------------------------------------
 (2) ___lldiv                                             13     5      8     290
                                              0 COMRAM    13     5      8
 ---------------------------------------------------------------------------------
 Estimated maximum stack depth 2
 ---------------------------------------------------------------------------------

 Call Graph Graphs:

 _main (ROOT)
   _uart_init1
     ___lldiv
   _uart_string1

 Address spaces:
Name               Size   Autos  Total    Cost      Usage
BITCOMRAM           5F      0       0       0        0.0%
EEDATA             100      0       0       0        0.0%
NULL                 0      0       0       0        0.0%
CODE                 0      0       0       0        0.0%
COMRAM              5F     15      15       1       22.1%
STACK                0      0       0       2        0.0%
BITBANK0            A0      0       0       3        0.0%
BANK0               A0      0       0       4        0.0%
BITBANK1           100      0       0       5        0.0%
BANK1              100      0       0       6        0.0%
BITBANK2           100      0       0       7        0.0%
BANK2              100      0       0       8        0.0%
ABS                  0      0       0       9        0.0%
BITBANK3           100      0       0      10        0.0%
BANK3              100      0       0      11        0.0%
BITBANK4           100      0       0      12        0.0%
BANK4              100      0       0      13        0.0%
BITBANK5           100      0       0      14        0.0%
BANK5              100      0       0      15        0.0%
BIGRAM             5FF      0       0      16        0.0%
DATA                 0      0       0      17        0.0%
BITSFR_1             0      0       0     200        0.0%
SFR_1                0      0       0     200        0.0%
BITSFR               0      0       0     200        0.0%
SFR                  0      0       0     200        0.0%


Microchip Technology PIC18 Macro Assembler V1.41 build -162212810 
Symbol Table                                                                                   Wed Jan 10 12:21:29 2018

                     l40 08D8             __CFG_CP0$OFF 000000             __CFG_CP1$OFF 000000  
           __CFG_CP2$OFF 000000             __CFG_CP3$OFF 000000                      l400 0876  
                    l802 08EE                      l760 0828                      l762 0834  
                    l818 0746                      l772 0868                      l764 0838  
           __CFG_CPB$OFF 000000                      u127 06F0                      u137 0714  
                    u147 0738                      u157 075C                      u167 0780  
                    u177 07A4             __CFG_CPD$OFF 000000                      u187 07C8  
                    u197 07EA                      wreg 000FE8               _TXSTA1bits 000FAC  
           __CFG_LVP$OFF 000000                     STR_1 06C2                     STR_2 0601  
                   STR_3 06C2                     STR_4 06B4                     STR_5 068E  
                   STR_6 0663                     STR_7 06A2                     STR_8 0636  
                   _main 06C8            __CFG_BORV$190 000000                     start 0000  
          __CFG_IESO$OFF 000000             ___param_bank 000000             _BAUDCON1bits 000FB8  
                  ?_main 0001          __end_of___lldiv 0888                    _TX1IF 007CF4  
                  _TRISC 000F94            __CFG_WRT0$OFF 000000            __CFG_WRT1$OFF 000000  
          __CFG_WRT2$OFF 000000            __CFG_WRT3$OFF 000000           __CFG_EBTR0$OFF 000000  
         __CFG_FCMEN$OFF 000000           __CFG_EBTR1$OFF 000000           __CFG_EBTR2$OFF 000000  
         __CFG_EBTR3$OFF 000000            __CFG_WRTB$OFF 000000            __CFG_WRTC$OFF 000000  
          __CFG_WRTD$OFF 000000           __CFG_EBTRB$OFF 000000       __CFG_MCLRE$EXTMCLR 000000  
                  tablat 000FF5                    status 000FD8           __CFG_FOSC$HSMP 000000  
        __initialization 0902             __end_of_main 0806                   ??_main 0014  
          __activetblptr 000001                   _ANSELC 000F3A           __CFG_WDTEN$OFF 000000  
                 _RCSTA1 000FAB                   _SPBRG1 000FAF                   _TXREG1 000FAD  
                 _TXSTA1 000FAC           __CFG_XINST$OFF 000000                ??___lldiv 0009  
           __mediumconst 0000                   tblptrh 000FF7                   tblptrl 000FF6  
                 tblptru 000FF8          __CFG_HFOFST$OFF 000000               __accesstop 0060  
__end_of__initialization 0902          __CFG_PBADEN$OFF 000000            ___rparam_used 000001  
         __pcstackCOMRAM 0001          __CFG_PLLCFG$OFF 000000       __CFG_CCP2MX$PORTC1 000000  
     __CFG_CCP3MX$PORTB5 000000        __CFG_PRICLKEN$OFF 000000                  _SPBRGH1 000FB0  
        __CFG_PWRTEN$OFF 000000                  __Hparam 0000                  __Lparam 0000  
                ___lldiv 0806             __psmallconst 0600          __CFG_STVREN$OFF 000000  
                __pcinit 0902                  __ramtop 0600                  __ptext0 06C8  
                __ptext1 08D6                  __ptext2 0888                  __ptext3 0806  
   end_of_initialization 0902          ___lldiv@divisor 0005          ___lldiv@counter 000D  
          ?_uart_string1 0001               _uart_init1 0888              uart_init1@n 0012  
              _TXSTAbits 000FAC           ??_uart_string1 0003      start_initialization 0902  
            ?_uart_init1 000E                 ?___lldiv 0001              __smallconst 0600  
   __end_of_uart_string1 0902      __size_of_uart_init1 004E         __CFG_WDTPS$32768 000000  
               __Hrparam 0000                 __Lrparam 0000             __Lsmallconst 0600  
     __CFG_BOREN$SBORDIS 000000        __CFG_P2BMX$PORTD2 000000         __size_of___lldiv 0082  
         uart_init1@baud 000E            __size_of_main 013E             ??_uart_init1 0012  
  __size_of_uart_string1 002C         ___lldiv@dividend 0001       __end_of_uart_init1 08D6  
             _RCSTA1bits 000FAB             _uart_string1 08D6         ___lldiv@quotient 0009  
      __CFG_T3CMX$PORTC0 000000          uart_string1@str 0001  
